[ 2018-06-27T09:50:52+08:00 ] ::1 /sjshop/index.php/skin/sjzx/css/cargo_detail.css
INFO: [ app_init ] --START--
INFO: Run Behavior\BuildLiteBehavior [ RunTime:0.000000s ]
INFO: [ app_init ] --END-- [ RunTime:0.000000s ]
ERR: 无法加载模块:Skin

[ 2018-06-27T09:50:52+08:00 ] ::1 /sjshop/index.php/skin/sjzx/js/public2.js
INFO: [ app_init ] --START--
INFO: Run Behavior\BuildLiteBehavior [ RunTime:0.000000s ]
INFO: [ app_init ] --END-- [ RunTime:0.002000s ]
ERR: 无法加载模块:Skin

[ 2018-06-27T09:50:52+08:00 ] ::1 /sjshop/index.php/skin/sjzx/css/header.css
INFO: [ app_init ] --START--
INFO: Run Behavior\BuildLiteBehavior [ RunTime:0.000000s ]
INFO: [ app_init ] --END-- [ RunTime:0.001000s ]
ERR: 无法加载模块:Skin

[ 2018-06-27T09:50:52+08:00 ] ::1 /sjshop/index.php/skin/sjzx/css/footer.css
INFO: [ app_init ] --START--
INFO: Run Behavior\BuildLiteBehavior [ RunTime:0.000000s ]
INFO: [ app_init ] --END-- [ RunTime:0.000000s ]
ERR: 无法加载模块:Skin

[ 2018-06-27T09:50:52+08:00 ] ::1 /sjshop/index.php/skin/sjzx/js/jquery-1.11.0.min.js
INFO: [ app_init ] --START--
INFO: Run Behavior\BuildLiteBehavior [ RunTime:0.000000s ]
INFO: [ app_init ] --END-- [ RunTime:0.000000s ]
ERR: 无法加载模块:Skin

[ 2018-06-27T09:50:52+08:00 ] ::1 /sjshop/index.php/skin/sjzx/js/public2.js
INFO: [ app_init ] --START--
INFO: Run Behavior\BuildLiteBehavior [ RunTime:0.000000s ]
INFO: [ app_init ] --END-- [ RunTime:0.000000s ]
ERR: 无法加载模块:Skin

[ 2018-06-27T09:51:01+08:00 ] ::1 /sjshop/index.php/skin/sjzx/css/footer.css
INFO: [ app_init ] --START--
INFO: Run Behavior\BuildLiteBehavior [ RunTime:0.000000s ]
INFO: [ app_init ] --END-- [ RunTime:0.000000s ]
ERR: 无法加载模块:Skin

[ 2018-06-27T09:51:01+08:00 ] ::1 /sjshop/index.php/skin/sjzx/css/cargo_detail.css
INFO: [ app_init ] --START--
INFO: Run Behavior\BuildLiteBehavior [ RunTime:0.000000s ]
INFO: [ app_init ] --END-- [ RunTime:0.000000s ]
ERR: 无法加载模块:Skin

[ 2018-06-27T09:51:01+08:00 ] ::1 /sjshop/index.php/skin/sjzx/css/header.css
INFO: [ app_init ] --START--
INFO: Run Behavior\BuildLiteBehavior [ RunTime:0.000000s ]
INFO: [ app_init ] --END-- [ RunTime:0.001000s ]
ERR: 无法加载模块:Skin

[ 2018-06-27T09:51:01+08:00 ] ::1 /sjshop/index.php/skin/sjzx/js/public2.js
INFO: [ app_init ] --START--
INFO: Run Behavior\BuildLiteBehavior [ RunTime:0.000000s ]
INFO: [ app_init ] --END-- [ RunTime:0.000000s ]
ERR: 无法加载模块:Skin

[ 2018-06-27T09:51:01+08:00 ] ::1 /sjshop/index.php/skin/sjzx/js/jquery-1.11.0.min.js
INFO: [ app_init ] --START--
INFO: Run Behavior\BuildLiteBehavior [ RunTime:0.000000s ]
INFO: [ app_init ] --END-- [ RunTime:0.001000s ]
ERR: 无法加载模块:Skin

[ 2018-06-27T09:51:01+08:00 ] ::1 /sjshop/index.php/skin/sjzx/js/public2.js
INFO: [ app_init ] --START--
INFO: Run Behavior\BuildLiteBehavior [ RunTime:0.000000s ]
INFO: [ app_init ] --END-- [ RunTime:0.001000s ]
ERR: 无法加载模块:Skin

[ 2018-06-27T09:51:06+08:00 ] ::1 /sjshop/index.php/skin/sjzx/css/cargo_detail.css
INFO: [ app_init ] --START--
INFO: Run Behavior\BuildLiteBehavior [ RunTime:0.000000s ]
INFO: [ app_init ] --END-- [ RunTime:0.000000s ]
ERR: 无法加载模块:Skin

[ 2018-06-27T09:51:09+08:00 ] ::1 /sjshop/index.php/skin/sjzx/css/header.css
INFO: [ app_init ] --START--
INFO: Run Behavior\BuildLiteBehavior [ RunTime:0.001000s ]
INFO: [ app_init ] --END-- [ RunTime:0.001000s ]
ERR: 无法加载模块:Skin

[ 2018-06-27T09:51:11+08:00 ] ::1 /sjshop/index.php/skin/sjzx/css/footer.css
INFO: [ app_init ] --START--
INFO: Run Behavior\BuildLiteBehavior [ RunTime:0.000000s ]
INFO: [ app_init ] --END-- [ RunTime:0.000000s ]
ERR: 无法加载模块:Skin

[ 2018-06-27T09:51:53+08:00 ] ::1 /sjshop/index.php/skin/sjzx/js/public2.js
INFO: [ app_init ] --START--
INFO: Run Behavior\BuildLiteBehavior [ RunTime:0.000000s ]
INFO: [ app_init ] --END-- [ RunTime:0.000000s ]
ERR: 无法加载模块:Skin

[ 2018-06-27T09:51:53+08:00 ] ::1 /sjshop/index.php/skin/sjzx/css/cargo_detail.css
INFO: [ app_init ] --START--
INFO: Run Behavior\BuildLiteBehavior [ RunTime:0.000000s ]
INFO: [ app_init ] --END-- [ RunTime:0.000000s ]
ERR: 无法加载模块:Skin

[ 2018-06-27T09:51:53+08:00 ] ::1 /sjshop/index.php/skin/sjzx/js/public2.js
INFO: [ app_init ] --START--
INFO: Run Behavior\BuildLiteBehavior [ RunTime:0.000000s ]
INFO: [ app_init ] --END-- [ RunTime:0.000000s ]
ERR: 无法加载模块:Skin

[ 2018-06-27T09:52:27+08:00 ] ::1 /sjshop/index.php/skin/sjzx/css/cargo_detail.css
INFO: [ app_init ] --START--
INFO: Run Behavior\BuildLiteBehavior [ RunTime:0.000000s ]
INFO: [ app_init ] --END-- [ RunTime:0.000000s ]
ERR: 无法加载模块:Skin

[ 2018-06-27T09:52:27+08:00 ] ::1 /sjshop/index.php/skin/sjzx/js/public2.js
INFO: [ app_init ] --START--
INFO: Run Behavior\BuildLiteBehavior [ RunTime:0.000000s ]
INFO: [ app_init ] --END-- [ RunTime:0.001000s ]
ERR: 无法加载模块:Skin

[ 2018-06-27T09:52:27+08:00 ] ::1 /sjshop/index.php/skin/sjzx/js/public2.js
INFO: [ app_init ] --START--
INFO: Run Behavior\BuildLiteBehavior [ RunTime:0.000000s ]
INFO: [ app_init ] --END-- [ RunTime:0.001000s ]
ERR: 无法加载模块:Skin

[ 2018-06-27T09:53:34+08:00 ] ::1 /sjshop/index.php/skin/sjzx/css/cargo_detail.css
INFO: [ app_init ] --START--
INFO: Run Behavior\BuildLiteBehavior [ RunTime:0.000000s ]
INFO: [ app_init ] --END-- [ RunTime:0.000000s ]
ERR: 无法加载模块:Skin

[ 2018-06-27T09:53:35+08:00 ] ::1 /sjshop/index.php/skin/sjzx/js/public2.js
INFO: [ app_init ] --START--
INFO: Run Behavior\BuildLiteBehavior [ RunTime:0.000000s ]
INFO: [ app_init ] --END-- [ RunTime:0.001001s ]
ERR: 无法加载模块:Skin

[ 2018-06-27T09:53:35+08:00 ] ::1 /sjshop/index.php/skin/sjzx/js/public2.js
INFO: [ app_init ] --START--
INFO: Run Behavior\BuildLiteBehavior [ RunTime:0.001000s ]
INFO: [ app_init ] --END-- [ RunTime:0.001000s ]
ERR: 无法加载模块:Skin

[ 2018-06-27T09:54:01+08:00 ] ::1 /sjshop/index.php/skin/sjzx/css/cargo_detail.css
INFO: [ app_init ] --START--
INFO: Run Behavior\BuildLiteBehavior [ RunTime:0.000000s ]
INFO: [ app_init ] --END-- [ RunTime:0.000000s ]
ERR: 无法加载模块:Skin

[ 2018-06-27T09:54:02+08:00 ] ::1 /sjshop/index.php/skin/sjzx/js/public2.js
INFO: [ app_init ] --START--
INFO: Run Behavior\BuildLiteBehavior [ RunTime:0.000000s ]
INFO: [ app_init ] --END-- [ RunTime:0.000000s ]
ERR: 无法加载模块:Skin

[ 2018-06-27T10:02:34+08:00 ] ::1 /sjshop/index.php/skin/sjzx/js/public2.js
INFO: [ app_init ] --START--
INFO: Run Behavior\BuildLiteBehavior [ RunTime:0.000000s ]
INFO: [ app_init ] --END-- [ RunTime:0.001000s ]
ERR: 无法加载模块:Skin

[ 2018-06-27T10:02:34+08:00 ] ::1 /sjshop/index.php/skin/sjzx/js/public2.js
INFO: [ app_init ] --START--
INFO: Run Behavior\BuildLiteBehavior [ RunTime:0.000000s ]
INFO: [ app_init ] --END-- [ RunTime:0.001000s ]
ERR: 无法加载模块:Skin

[ 2018-06-27T10:06:08+08:00 ] ::1 /sjshop/index.php/skin/sjzx/js/tab4.js
INFO: [ app_init ] --START--
INFO: Run Behavior\BuildLiteBehavior [ RunTime:0.000000s ]
INFO: [ app_init ] --END-- [ RunTime:0.000000s ]
ERR: 无法加载模块:Skin

[ 2018-06-27T10:06:08+08:00 ] ::1 /sjshop/index.php/skin/sjzx/js/dropdown.js
INFO: [ app_init ] --START--
INFO: Run Behavior\BuildLiteBehavior [ RunTime:0.000000s ]
INFO: [ app_init ] --END-- [ RunTime:0.001000s ]
ERR: 无法加载模块:Skin

[ 2018-06-27T10:06:08+08:00 ] ::1 /sjshop/index.php/skin/sjzx/js/dropdown.js
INFO: [ app_init ] --START--
INFO: Run Behavior\BuildLiteBehavior [ RunTime:0.000000s ]
INFO: [ app_init ] --END-- [ RunTime:0.001000s ]
ERR: 无法加载模块:Skin

[ 2018-06-27T10:06:08+08:00 ] ::1 /sjshop/index.php/skin/sjzx/js/tab4.js
INFO: [ app_init ] --START--
INFO: Run Behavior\BuildLiteBehavior [ RunTime:0.000000s ]
INFO: [ app_init ] --END-- [ RunTime:0.000000s ]
ERR: 无法加载模块:Skin

[ 2018-06-27T10:06:08+08:00 ] ::1 /sjshop/index.php/skin/sjzx/js/dropdown.js
INFO: [ app_init ] --START--
INFO: Run Behavior\BuildLiteBehavior [ RunTime:0.000000s ]
INFO: [ app_init ] --END-- [ RunTime:0.001000s ]
ERR: 无法加载模块:Skin

[ 2018-06-27T10:21:45+08:00 ] ::1 /sjshop/index.php/skin/sjzx/js/tab4.js
INFO: [ app_init ] --START--
INFO: Run Behavior\BuildLiteBehavior [ RunTime:0.000000s ]
INFO: [ app_init ] --END-- [ RunTime:0.000000s ]
ERR: 无法加载模块:Skin

[ 2018-06-27T10:21:45+08:00 ] ::1 /sjshop/index.php/skin/sjzx/js/tab4.js
INFO: [ app_init ] --START--
INFO: Run Behavior\BuildLiteBehavior [ RunTime:0.000000s ]
INFO: [ app_init ] --END-- [ RunTime:0.000000s ]
ERR: 无法加载模块:Skin

[ 2018-06-27T10:40:33+08:00 ] ::1 /sjshop/index.php/skin/sjzx/js/tab4.js
INFO: [ app_init ] --START--
INFO: Run Behavior\BuildLiteBehavior [ RunTime:0.000000s ]
INFO: [ app_init ] --END-- [ RunTime:0.000000s ]
ERR: 无法加载模块:Skin

[ 2018-06-27T10:40:33+08:00 ] ::1 /sjshop/index.php/skin/sjzx/js/tab4.js
INFO: [ app_init ] --START--
INFO: Run Behavior\BuildLiteBehavior [ RunTime:0.000000s ]
INFO: [ app_init ] --END-- [ RunTime:0.001000s ]
ERR: 无法加载模块:Skin

[ 2018-06-27T10:53:08+08:00 ] ::1 /sjshop/index.php/skin/sjzx/js/tab4.js
INFO: [ app_init ] --START--
INFO: Run Behavior\BuildLiteBehavior [ RunTime:0.000000s ]
INFO: [ app_init ] --END-- [ RunTime:0.001001s ]
ERR: 无法加载模块:Skin

[ 2018-06-27T10:53:08+08:00 ] ::1 /sjshop/index.php/skin/sjzx/js/tab4.js
INFO: [ app_init ] --START--
INFO: Run Behavior\BuildLiteBehavior [ RunTime:0.000000s ]
INFO: [ app_init ] --END-- [ RunTime:0.001000s ]
ERR: 无法加载模块:Skin

[ 2018-06-27T10:56:01+08:00 ] ::1 /sjshop/index.php/skin/sjzx/js/tab4.js
INFO: [ app_init ] --START--
INFO: Run Behavior\BuildLiteBehavior [ RunTime:0.000000s ]
INFO: [ app_init ] --END-- [ RunTime:0.001001s ]
ERR: 无法加载模块:Skin

[ 2018-06-27T10:56:01+08:00 ] ::1 /sjshop/index.php/skin/sjzx/js/tab4.js
INFO: [ app_init ] --START--
INFO: Run Behavior\BuildLiteBehavior [ RunTime:0.000000s ]
INFO: [ app_init ] --END-- [ RunTime:0.001000s ]
ERR: 无法加载模块:Skin

[ 2018-06-27T17:25:46+08:00 ] ::1 /sjshop/index.php/skin/sjzx/css/supply.css
INFO: [ app_init ] --START--
INFO: Run Behavior\BuildLiteBehavior [ RunTime:0.000000s ]
INFO: [ app_init ] --END-- [ RunTime:0.000000s ]
ERR: 无法加载模块:Skin

[ 2018-06-27T17:25:46+08:00 ] ::1 /sjshop/index.php/skin/sjzx/css/page3.css
INFO: [ app_init ] --START--
INFO: Run Behavior\BuildLiteBehavior [ RunTime:0.000000s ]
INFO: [ app_init ] --END-- [ RunTime:0.001000s ]
ERR: 无法加载模块:Skin

[ 2018-06-27T17:25:46+08:00 ] ::1 /sjshop/index.php/skin/sjzx/css/footer.css
INFO: [ app_init ] --START--
INFO: Run Behavior\BuildLiteBehavior [ RunTime:0.000000s ]
INFO: [ app_init ] --END-- [ RunTime:0.001000s ]
ERR: 无法加载模块:Skin

[ 2018-06-27T17:26:33+08:00 ] ::1 /sjshop/index.php/skin/sjzx/css/supply.css
INFO: [ app_init ] --START--
INFO: Run Behavior\BuildLiteBehavior [ RunTime:0.000000s ]
INFO: [ app_init ] --END-- [ RunTime:0.000000s ]
ERR: 无法加载模块:Skin

[ 2018-06-27T17:26:33+08:00 ] ::1 /sjshop/index.php/skin/sjzx/css/footer.css
INFO: [ app_init ] --START--
INFO: Run Behavior\BuildLiteBehavior [ RunTime:0.000000s ]
INFO: [ app_init ] --END-- [ RunTime:0.001000s ]
ERR: 无法加载模块:Skin

[ 2018-06-27T17:26:33+08:00 ] ::1 /sjshop/index.php/skin/sjzx/css/page3.css
INFO: [ app_init ] --START--
INFO: Run Behavior\BuildLiteBehavior [ RunTime:0.000000s ]
INFO: [ app_init ] --END-- [ RunTime:0.001000s ]
ERR: 无法加载模块:Skin

[ 2018-06-27T17:27:09+08:00 ] ::1 /sjshop/index.php/skin/sjzx/css/supply.css
INFO: [ app_init ] --START--
INFO: Run Behavior\BuildLiteBehavior [ RunTime:0.000000s ]
INFO: [ app_init ] --END-- [ RunTime:0.000000s ]
ERR: 无法加载模块:Skin

[ 2018-06-27T17:27:09+08:00 ] ::1 /sjshop/index.php/skin/sjzx/css/footer.css
INFO: [ app_init ] --START--
INFO: Run Behavior\BuildLiteBehavior [ RunTime:0.000000s ]
INFO: [ app_init ] --END-- [ RunTime:0.001000s ]
ERR: 无法加载模块:Skin

[ 2018-06-27T17:27:09+08:00 ] ::1 /sjshop/index.php/skin/sjzx/css/page3.css
INFO: [ app_init ] --START--
INFO: Run Behavior\BuildLiteBehavior [ RunTime:0.000000s ]
INFO: [ app_init ] --END-- [ RunTime:0.000000s ]
ERR: 无法加载模块:Skin

[ 2018-06-27T17:28:10+08:00 ] ::1 /sjshop/index.php/skin/sjzx/css/supply.css
INFO: [ app_init ] --START--
INFO: Run Behavior\BuildLiteBehavior [ RunTime:0.000000s ]
INFO: [ app_init ] --END-- [ RunTime:0.001000s ]
ERR: 无法加载模块:Skin

